<?xml version="1.0" encoding="UTF-8"?>
<testsuite xmlns:xsi="http://www.w3.org/2001/XMLSchema-instance" xsi:noNamespaceSchemaLocation="https://maven.apache.org/surefire/maven-surefire-plugin/xsd/surefire-test-report.xsd" name="OrderCreationParametrizedTest" time="1.806" tests="4" errors="0" skipped="0" failures="0">
  <properties>
    <property name="java.specification.version" value="14"/>
    <property name="sun.cpu.isalist" value="amd64"/>
    <property name="sun.jnu.encoding" value="Cp1251"/>
    <property name="java.class.path" value="C:\Users\Victory\IdeaProjects\Sprint_7\target\test-classes;C:\Users\Victory\IdeaProjects\Sprint_7\target\classes;C:\.m2\io\rest-assured\rest-assured\5.2.0\rest-assured-5.2.0.jar;C:\.m2\org\apache\groovy\groovy\4.0.1\groovy-4.0.1.jar;C:\.m2\org\apache\groovy\groovy-xml\4.0.1\groovy-xml-4.0.1.jar;C:\.m2\org\apache\httpcomponents\httpclient\4.5.13\httpclient-4.5.13.jar;C:\.m2\org\apache\httpcomponents\httpcore\4.4.13\httpcore-4.4.13.jar;C:\.m2\commons-logging\commons-logging\1.2\commons-logging-1.2.jar;C:\.m2\commons-codec\commons-codec\1.11\commons-codec-1.11.jar;C:\.m2\org\apache\httpcomponents\httpmime\4.5.13\httpmime-4.5.13.jar;C:\.m2\org\hamcrest\hamcrest\2.1\hamcrest-2.1.jar;C:\.m2\org\ccil\cowan\tagsoup\tagsoup\1.2.1\tagsoup-1.2.1.jar;C:\.m2\io\rest-assured\json-path\5.2.0\json-path-5.2.0.jar;C:\.m2\org\apache\groovy\groovy-json\4.0.1\groovy-json-4.0.1.jar;C:\.m2\io\rest-assured\rest-assured-common\5.2.0\rest-assured-common-5.2.0.jar;C:\.m2\io\rest-assured\xml-path\5.2.0\xml-path-5.2.0.jar;C:\.m2\org\apache\commons\commons-lang3\3.11\commons-lang3-3.11.jar;C:\.m2\junit\junit\4.13.2\junit-4.13.2.jar;C:\.m2\org\hamcrest\hamcrest-core\1.3\hamcrest-core-1.3.jar;C:\.m2\com\google\code\gson\gson\2.9.0\gson-2.9.0.jar;C:\.m2\io\qameta\allure\allure-junit4\2.15.0\allure-junit4-2.15.0.jar;C:\.m2\io\qameta\allure\allure-java-commons\2.15.0\allure-java-commons-2.15.0.jar;C:\.m2\org\slf4j\slf4j-api\1.7.30\slf4j-api-1.7.30.jar;C:\.m2\io\qameta\allure\allure-model\2.15.0\allure-model-2.15.0.jar;C:\.m2\io\qameta\allure\allure-rest-assured\2.15.0\allure-rest-assured-2.15.0.jar;C:\.m2\io\qameta\allure\allure-attachments\2.15.0\allure-attachments-2.15.0.jar;C:\.m2\org\freemarker\freemarker\2.3.31\freemarker-2.3.31.jar;C:\.m2\net\datafaker\datafaker\1.6.0\datafaker-1.6.0.jar;C:\.m2\com\github\mifmif\generex\1.0.2\generex-1.0.2.jar;C:\.m2\dk\brics\automaton\automaton\1.11-8\automaton-1.11-8.jar;"/>
    <property name="java.vm.vendor" value="Oracle Corporation"/>
    <property name="sun.arch.data.model" value="64"/>
    <property name="user.variant" value=""/>
    <property name="java.vendor.url" value="https://java.oracle.com/"/>
    <property name="user.timezone" value="Europe/Moscow"/>
    <property name="os.name" value="Windows 10"/>
    <property name="java.vm.specification.version" value="14"/>
    <property name="sun.java.launcher" value="SUN_STANDARD"/>
    <property name="user.country" value="RU"/>
    <property name="sun.boot.library.path" value="C:\Program Files\Java\jdk-14.0.1\bin"/>
    <property name="sun.java.command" value="C:\Users\Victory\AppData\Local\Temp\surefire17772070160758402500\surefirebooter18305844377860891111.jar C:\Users\Victory\AppData\Local\Temp\surefire17772070160758402500 2023-01-22T20-49-36_593-jvmRun1 surefire16035448983193213739tmp surefire_012305480803561986778tmp"/>
    <property name="jdk.debug" value="release"/>
    <property name="surefire.test.class.path" value="C:\Users\Victory\IdeaProjects\Sprint_7\target\test-classes;C:\Users\Victory\IdeaProjects\Sprint_7\target\classes;C:\.m2\io\rest-assured\rest-assured\5.2.0\rest-assured-5.2.0.jar;C:\.m2\org\apache\groovy\groovy\4.0.1\groovy-4.0.1.jar;C:\.m2\org\apache\groovy\groovy-xml\4.0.1\groovy-xml-4.0.1.jar;C:\.m2\org\apache\httpcomponents\httpclient\4.5.13\httpclient-4.5.13.jar;C:\.m2\org\apache\httpcomponents\httpcore\4.4.13\httpcore-4.4.13.jar;C:\.m2\commons-logging\commons-logging\1.2\commons-logging-1.2.jar;C:\.m2\commons-codec\commons-codec\1.11\commons-codec-1.11.jar;C:\.m2\org\apache\httpcomponents\httpmime\4.5.13\httpmime-4.5.13.jar;C:\.m2\org\hamcrest\hamcrest\2.1\hamcrest-2.1.jar;C:\.m2\org\ccil\cowan\tagsoup\tagsoup\1.2.1\tagsoup-1.2.1.jar;C:\.m2\io\rest-assured\json-path\5.2.0\json-path-5.2.0.jar;C:\.m2\org\apache\groovy\groovy-json\4.0.1\groovy-json-4.0.1.jar;C:\.m2\io\rest-assured\rest-assured-common\5.2.0\rest-assured-common-5.2.0.jar;C:\.m2\io\rest-assured\xml-path\5.2.0\xml-path-5.2.0.jar;C:\.m2\org\apache\commons\commons-lang3\3.11\commons-lang3-3.11.jar;C:\.m2\junit\junit\4.13.2\junit-4.13.2.jar;C:\.m2\org\hamcrest\hamcrest-core\1.3\hamcrest-core-1.3.jar;C:\.m2\com\google\code\gson\gson\2.9.0\gson-2.9.0.jar;C:\.m2\io\qameta\allure\allure-junit4\2.15.0\allure-junit4-2.15.0.jar;C:\.m2\io\qameta\allure\allure-java-commons\2.15.0\allure-java-commons-2.15.0.jar;C:\.m2\org\slf4j\slf4j-api\1.7.30\slf4j-api-1.7.30.jar;C:\.m2\io\qameta\allure\allure-model\2.15.0\allure-model-2.15.0.jar;C:\.m2\io\qameta\allure\allure-rest-assured\2.15.0\allure-rest-assured-2.15.0.jar;C:\.m2\io\qameta\allure\allure-attachments\2.15.0\allure-attachments-2.15.0.jar;C:\.m2\org\freemarker\freemarker\2.3.31\freemarker-2.3.31.jar;C:\.m2\net\datafaker\datafaker\1.6.0\datafaker-1.6.0.jar;C:\.m2\com\github\mifmif\generex\1.0.2\generex-1.0.2.jar;C:\.m2\dk\brics\automaton\automaton\1.11-8\automaton-1.11-8.jar;"/>
    <property name="allure.results.directory" value="C:\Users\Victory\IdeaProjects\Sprint_7\target/allure-results"/>
    <property name="sun.cpu.endian" value="little"/>
    <property name="user.home" value="C:\Users\Victory"/>
    <property name="user.language" value="ru"/>
    <property name="java.specification.vendor" value="Oracle Corporation"/>
    <property name="java.version.date" value="2020-04-14"/>
    <property name="java.home" value="C:\Program Files\Java\jdk-14.0.1"/>
    <property name="file.separator" value="\"/>
    <property name="basedir" value="C:\Users\Victory\IdeaProjects\Sprint_7"/>
    <property name="java.vm.compressedOopsMode" value="32-bit"/>
    <property name="line.separator" value="&#10;"/>
    <property name="java.vm.specification.vendor" value="Oracle Corporation"/>
    <property name="java.specification.name" value="Java Platform API Specification"/>
    <property name="surefire.real.class.path" value="C:\Users\Victory\AppData\Local\Temp\surefire17772070160758402500\surefirebooter18305844377860891111.jar"/>
    <property name="user.script" value=""/>
    <property name="sun.management.compiler" value="HotSpot 64-Bit Tiered Compilers"/>
    <property name="java.runtime.version" value="14.0.1+7"/>
    <property name="user.name" value="Victory"/>
    <property name="path.separator" value=";"/>
    <property name="os.version" value="10.0"/>
    <property name="java.runtime.name" value="Java(TM) SE Runtime Environment"/>
    <property name="file.encoding" value="Cp1251"/>
    <property name="java.vm.name" value="Java HotSpot(TM) 64-Bit Server VM"/>
    <property name="localRepository" value="C:\.m2"/>
    <property name="java.vendor.url.bug" value="https://bugreport.java.com/bugreport/"/>
    <property name="java.io.tmpdir" value="C:\Users\Victory\AppData\Local\Temp\"/>
    <property name="java.version" value="14.0.1"/>
    <property name="user.dir" value="C:\Users\Victory\IdeaProjects\Sprint_7"/>
    <property name="os.arch" value="amd64"/>
    <property name="java.vm.specification.name" value="Java Virtual Machine Specification"/>
    <property name="sun.os.patch.level" value=""/>
    <property name="java.library.path" value="C:\Program Files\Java\jdk-14.0.1\bin;C:\WINDOWS\Sun\Java\bin;C:\WINDOWS\system32;C:\WINDOWS;C:\Program Files (x86)\Common Files\Oracle\Java\javapath;C:\WINDOWS\system32;C:\WINDOWS;C:\WINDOWS\System32\Wbem;C:\WINDOWS\System32\WindowsPowerShell\v1.0\;C:\WINDOWS\System32\OpenSSH\;c:\Program Files (x86)\Microsoft SQL Server\110\Tools\Binn\;c:\Program Files\Microsoft SQL Server\110\Tools\Binn\;c:\Program Files\Microsoft SQL Server\110\DTS\Binn\;C:\Program Files\Java\jdk-14.0.1\bin;C:\Program Files\apache-maven-3.6.3\bin;C:\Program Files\Git\cmd;C:\Users\Вика\AppData\Local\Microsoft\WindowsApps;;C:\Users\Вика\AppData\Local\Programs\Fiddler;C:\Program Files\JetBrains\IntelliJ IDEA Community Edition 2019.3.3\bin;;C:\Users\Victory\AppData\Local\Microsoft\WindowsApps;."/>
    <property name="java.vm.info" value="mixed mode, sharing"/>
    <property name="java.vendor" value="Oracle Corporation"/>
    <property name="java.vm.version" value="14.0.1+7"/>
    <property name="sun.io.unicode.encoding" value="UnicodeLittle"/>
    <property name="java.class.version" value="58.0"/>
  </properties>
  <testcase name="createOrderWithColor[Тестовые данные:Black,null]" classname="OrderCreationParametrizedTest" time="0.377"/>
  <testcase name="createOrderWithColor[Тестовые данные:null,Gray]" classname="OrderCreationParametrizedTest" time="0.383"/>
  <testcase name="createOrderWithColor[Тестовые данные:Black,Gray]" classname="OrderCreationParametrizedTest" time="0.423"/>
  <testcase name="createOrderWithColor[Тестовые данные:null,null]" classname="OrderCreationParametrizedTest" time="0.4"/>
</testsuite>